<?xml version="1.0" encoding="UTF-8"?>
<testsuite xmlns:xsi="http://www.w3.org/2001/XMLSchema-instance" xsi:noNamespaceSchemaLocation="https://maven.apache.org/surefire/maven-surefire-plugin/xsd/surefire-test-report.xsd" name="mx.tec.lab.TestHtml2ApplicationTests" time="86.473" tests="7" errors="2" skipped="0" failures="1">
  <properties>
[...]
</properties>
  <testcase name="givenAClient_whenSearchingEmptyString_thenPleaseEnterDisplayed" classname="mx.tec.lab.TestHtml2ApplicationTests" time="20.897">
    <error message="Timed out waiting for driver server to start.&#10;Build info: version: &apos;3.141.59&apos;, revision: &apos;e82be7d358&apos;, time: &apos;2018-11-14T08:17:03&apos;&#10;System info: host: &apos;MacBook-Pro-de-Jesus-2.local&apos;, ip: &apos;2806:108e:d:492c:f9d3:74bb:d824:6c91%en0&apos;, os.name: &apos;Mac OS X&apos;, os.arch: &apos;x86_64&apos;, os.version: &apos;10.16&apos;, java.version: &apos;11.0.3&apos;&#10;Driver info: driver.version: ChromeDriver" type="org.openqa.selenium.WebDriverException">org.openqa.selenium.WebDriverException: 
Timed out waiting for driver server to start.
Build info: version: '3.141.59', revision: 'e82be7d358', time: '2018-11-14T08:17:03'
System info: host: 'MacBook-Pro-de-Jesus-2.local', ip: '2806:108e:d:492c:f9d3:74bb:d824:6c91%en0', os.name: 'Mac OS X', os.arch: 'x86_64', os.version: '10.16', java.version: '11.0.3'
Driver info: driver.version: ChromeDriver
	at mx.tec.lab.TestHtml2ApplicationTests.setUp(TestHtml2ApplicationTests.java:24)
Caused by: org.openqa.selenium.net.UrlChecker$TimeoutException: Timed out waiting for [http://localhost:41032/status] to be available after 20002 ms
	at mx.tec.lab.TestHtml2ApplicationTests.setUp(TestHtml2ApplicationTests.java:24)
Caused by: java.util.concurrent.TimeoutException
	at mx.tec.lab.TestHtml2ApplicationTests.setUp(TestHtml2ApplicationTests.java:24)
</error>
    <system-out><![CDATA[21:02:28.265 [main] DEBUG org.springframework.test.context.BootstrapUtils - Instantiating CacheAwareContextLoaderDelegate from class [org.springframework.test.context.cache.DefaultCacheAwareContextLoaderDelegate]
21:02:28.282 [main] DEBUG org.springframework.test.context.BootstrapUtils - Instantiating BootstrapContext using constructor [public org.springframework.test.context.support.DefaultBootstrapContext(java.lang.Class,org.springframework.test.context.CacheAwareContextLoaderDelegate)]
21:02:28.337 [main] DEBUG org.springframework.test.context.BootstrapUtils - Instantiating TestContextBootstrapper for test class [mx.tec.lab.TestHtml2ApplicationTests] from class [org.springframework.boot.test.context.SpringBootTestContextBootstrapper]
21:02:28.349 [main] INFO org.springframework.boot.test.context.SpringBootTestContextBootstrapper - Neither @ContextConfiguration nor @ContextHierarchy found for test class [mx.tec.lab.TestHtml2ApplicationTests], using SpringBootContextLoader
21:02:28.354 [main] DEBUG org.springframework.test.context.support.AbstractContextLoader - Did not detect default resource location for test class [mx.tec.lab.TestHtml2ApplicationTests]: class path resource [mx/tec/lab/TestHtml2ApplicationTests-context.xml] does not exist
21:02:28.355 [main] DEBUG org.springframework.test.context.support.AbstractContextLoader - Did not detect default resource location for test class [mx.tec.lab.TestHtml2ApplicationTests]: class path resource [mx/tec/lab/TestHtml2ApplicationTestsContext.groovy] does not exist
21:02:28.356 [main] INFO org.springframework.test.context.support.AbstractContextLoader - Could not detect default resource locations for test class [mx.tec.lab.TestHtml2ApplicationTests]: no resource found for suffixes {-context.xml, Context.groovy}.
21:02:28.358 [main] INFO org.springframework.test.context.support.AnnotationConfigContextLoaderUtils - Could not detect default configuration classes for test class [mx.tec.lab.TestHtml2ApplicationTests]: TestHtml2ApplicationTests does not declare any static, non-private, non-final, nested classes annotated with @Configuration.
21:02:28.474 [main] DEBUG org.springframework.test.context.support.ActiveProfilesUtils - Could not find an 'annotation declaring class' for annotation type [org.springframework.test.context.ActiveProfiles] and class [mx.tec.lab.TestHtml2ApplicationTests]
21:02:28.551 [main] DEBUG org.springframework.context.annotation.ClassPathScanningCandidateComponentProvider - Identified candidate component class: file [/Users/jesussierra/Documents/workspace-spring-tool-suite-4-4.9.0.RELEASE/testHtml2/target/classes/mx/tec/lab/TestHtml2Application.class]
21:02:28.552 [main] INFO org.springframework.boot.test.context.SpringBootTestContextBootstrapper - Found @SpringBootConfiguration mx.tec.lab.TestHtml2Application for test class mx.tec.lab.TestHtml2ApplicationTests
21:02:28.697 [main] DEBUG org.springframework.boot.test.context.SpringBootTestContextBootstrapper - @TestExecutionListeners is not present for class [mx.tec.lab.TestHtml2ApplicationTests]: using defaults.
21:02:28.698 [main] INFO org.springframework.boot.test.context.SpringBootTestContextBootstrapper - Loaded default TestExecutionListener class names from location [META-INF/spring.factories]: [org.springframework.boot.test.mock.mockito.MockitoTestExecutionListener, org.springframework.boot.test.mock.mockito.ResetMocksTestExecutionListener, org.springframework.boot.test.autoconfigure.restdocs.RestDocsTestExecutionListener, org.springframework.boot.test.autoconfigure.web.client.MockRestServiceServerResetTestExecutionListener, org.springframework.boot.test.autoconfigure.web.servlet.MockMvcPrintOnlyOnFailureTestExecutionListener, org.springframework.boot.test.autoconfigure.web.servlet.WebDriverTestExecutionListener, org.springframework.boot.test.autoconfigure.webservices.client.MockWebServiceServerTestExecutionListener, org.springframework.test.context.web.ServletTestExecutionListener, org.springframework.test.context.support.DirtiesContextBeforeModesTestExecutionListener, org.springframework.test.context.event.ApplicationEventsTestExecutionListener, org.springframework.test.context.support.DependencyInjectionTestExecutionListener, org.springframework.test.context.support.DirtiesContextTestExecutionListener, org.springframework.test.context.transaction.TransactionalTestExecutionListener, org.springframework.test.context.jdbc.SqlScriptsTestExecutionListener, org.springframework.test.context.event.EventPublishingTestExecutionListener]
21:02:28.731 [main] DEBUG org.springframework.boot.test.context.SpringBootTestContextBootstrapper - Skipping candidate TestExecutionListener [org.springframework.test.context.transaction.TransactionalTestExecutionListener] due to a missing dependency. Specify custom listener classes or make the default listener classes and their required dependencies available. Offending class: [org/springframework/transaction/TransactionDefinition]
21:02:28.732 [main] DEBUG org.springframework.boot.test.context.SpringBootTestContextBootstrapper - Skipping candidate TestExecutionListener [org.springframework.test.context.jdbc.SqlScriptsTestExecutionListener] due to a missing dependency. Specify custom listener classes or make the default listener classes and their required dependencies available. Offending class: [org/springframework/transaction/interceptor/TransactionAttribute]
21:02:28.732 [main] INFO org.springframework.boot.test.context.SpringBootTestContextBootstrapper - Using TestExecutionListeners: [org.springframework.test.context.web.ServletTestExecutionListener@45815ffc, org.springframework.test.context.support.DirtiesContextBeforeModesTestExecutionListener@732f29af, org.springframework.test.context.event.ApplicationEventsTestExecutionListener@d3957fe, org.springframework.boot.test.mock.mockito.MockitoTestExecutionListener@6622fc65, org.springframework.boot.test.autoconfigure.SpringBootDependencyInjectionTestExecutionListener@299321e2, org.springframework.test.context.support.DirtiesContextTestExecutionListener@23fb172e, org.springframework.test.context.event.EventPublishingTestExecutionListener@64ba3208, org.springframework.boot.test.mock.mockito.ResetMocksTestExecutionListener@158a3b2e, org.springframework.boot.test.autoconfigure.restdocs.RestDocsTestExecutionListener@25a6944c, org.springframework.boot.test.autoconfigure.web.client.MockRestServiceServerResetTestExecutionListener@5e1fa5b1, org.springframework.boot.test.autoconfigure.web.servlet.MockMvcPrintOnlyOnFailureTestExecutionListener@6b00f608, org.springframework.boot.test.autoconfigure.web.servlet.WebDriverTestExecutionListener@2f17e30d, org.springframework.boot.test.autoconfigure.webservices.client.MockWebServiceServerTestExecutionListener@3e821657]
21:02:28.737 [main] DEBUG org.springframework.test.context.support.AbstractDirtiesContextTestExecutionListener - Before test class: context [DefaultTestContext@34f7234e testClass = TestHtml2ApplicationTests, testInstance = [null], testMethod = [null], testException = [null], mergedContextConfiguration = [WebMergedContextConfiguration@753432a2 testClass = TestHtml2ApplicationTests, locations = '{}', classes = '{class mx.tec.lab.TestHtml2Application}', contextInitializerClasses = '[]', activeProfiles = '{}', propertySourceLocations = '{}', propertySourceProperties = '{org.springframework.boot.test.context.SpringBootTestContextBootstrapper=true}', contextCustomizers = set[org.springframework.boot.test.context.filter.ExcludeFilterContextCustomizer@311bf055, org.springframework.boot.test.json.DuplicateJsonObjectContextCustomizerFactory$DuplicateJsonObjectContextCustomizer@21be3395, org.springframework.boot.test.mock.mockito.MockitoContextCustomizer@0, org.springframework.boot.test.web.client.TestRestTemplateContextCustomizer@2438dcd, org.springframework.boot.test.autoconfigure.actuate.metrics.MetricsExportContextCustomizerFactory$DisableMetricExportContextCustomizer@7f2cfe3f, org.springframework.boot.test.autoconfigure.properties.PropertyMappingContextCustomizer@0, org.springframework.boot.test.autoconfigure.web.servlet.WebDriverContextCustomizerFactory$Customizer@9cb8225, org.springframework.boot.test.context.SpringBootTestArgs@1, org.springframework.boot.test.context.SpringBootTestWebEnvironment@d4342c2], resourceBasePath = 'src/main/webapp', contextLoader = 'org.springframework.boot.test.context.SpringBootContextLoader', parent = [null]], attributes = map['org.springframework.test.context.web.ServletTestExecutionListener.activateListener' -> true]], class annotated with @DirtiesContext [false] with mode [null].
21:02:28.805 [main] DEBUG org.springframework.test.context.support.TestPropertySourceUtils - Adding inlined properties to environment: {spring.jmx.enabled=false, org.springframework.boot.test.context.SpringBootTestContextBootstrapper=true}

  .   ____          _            __ _ _
 /\\ / ___'_ __ _ _(_)_ __  __ _ \ \ \ \
( ( )\___ | '_ | '_| | '_ \/ _` | \ \ \ \
 \\/  ___)| |_)| | | | | || (_| |  ) ) ) )
  '  |____| .__|_| |_|_| |_\__, | / / / /
 =========|_|==============|___/=/_/_/_/
 :: Spring Boot ::                (v2.4.4)

2021-04-13 21:02:29.361  INFO 39707 --- [           main] mx.tec.lab.TestHtml2ApplicationTests     : Starting TestHtml2ApplicationTests using Java 11.0.3 on MacBook-Pro-de-Jesus-2.local with PID 39707 (started by jesussierra in /Users/jesussierra/Documents/workspace-spring-tool-suite-4-4.9.0.RELEASE/testHtml2)
2021-04-13 21:02:29.364  INFO 39707 --- [           main] mx.tec.lab.TestHtml2ApplicationTests     : No active profile set, falling back to default profiles: default
2021-04-13 21:02:31.294  INFO 39707 --- [           main] o.s.s.concurrent.ThreadPoolTaskExecutor  : Initializing ExecutorService 'applicationTaskExecutor'
2021-04-13 21:02:31.711  INFO 39707 --- [           main] mx.tec.lab.TestHtml2ApplicationTests     : Started TestHtml2ApplicationTests in 2.859 seconds (JVM running for 4.396)
2021-04-13 21:02:52.597 ERROR 39707 --- [ null to remote] org.openqa.selenium.os.OsProcess         : org.apache.commons.exec.ExecuteException: Process exited with an error: 137 (Exit value: 137)
]]></system-out>
  </testcase>
  <testcase name="givenAClient_whenEnteringAutomationPractice_thenPageTitleIsCorrect" classname="mx.tec.lab.TestHtml2ApplicationTests" time="20.011">
    <error message="Timed out waiting for driver server to start.&#10;Build info: version: &apos;3.141.59&apos;, revision: &apos;e82be7d358&apos;, time: &apos;2018-11-14T08:17:03&apos;&#10;System info: host: &apos;MacBook-Pro-de-Jesus-2.local&apos;, ip: &apos;2806:108e:d:492c:f9d3:74bb:d824:6c91%en0&apos;, os.name: &apos;Mac OS X&apos;, os.arch: &apos;x86_64&apos;, os.version: &apos;10.16&apos;, java.version: &apos;11.0.3&apos;&#10;Driver info: driver.version: ChromeDriver" type="org.openqa.selenium.WebDriverException">org.openqa.selenium.WebDriverException: 
Timed out waiting for driver server to start.
Build info: version: '3.141.59', revision: 'e82be7d358', time: '2018-11-14T08:17:03'
System info: host: 'MacBook-Pro-de-Jesus-2.local', ip: '2806:108e:d:492c:f9d3:74bb:d824:6c91%en0', os.name: 'Mac OS X', os.arch: 'x86_64', os.version: '10.16', java.version: '11.0.3'
Driver info: driver.version: ChromeDriver
	at mx.tec.lab.TestHtml2ApplicationTests.setUp(TestHtml2ApplicationTests.java:24)
Caused by: org.openqa.selenium.net.UrlChecker$TimeoutException: Timed out waiting for [http://localhost:47373/status] to be available after 20004 ms
	at mx.tec.lab.TestHtml2ApplicationTests.setUp(TestHtml2ApplicationTests.java:24)
Caused by: java.util.concurrent.TimeoutException
	at mx.tec.lab.TestHtml2ApplicationTests.setUp(TestHtml2ApplicationTests.java:24)
</error>
    <system-out><![CDATA[2021-04-13 21:03:12.647 ERROR 39707 --- [ null to remote] org.openqa.selenium.os.OsProcess         : org.apache.commons.exec.ExecuteException: Process exited with an error: 137 (Exit value: 137)
]]></system-out>
  </testcase>
  <testcase name="givenAClient_whenSearchingNotExistingProduct_thenNoResultsDisplayed" classname="mx.tec.lab.TestHtml2ApplicationTests" time="16.536">
    <failure message="expected: &lt;No results were found for your search &quot;chivigon&quot;&gt; but was: &lt;No results were found for your search &quot;frutas&quot;&gt;" type="org.opentest4j.AssertionFailedError"><![CDATA[org.opentest4j.AssertionFailedError: expected: <No results were found for your search "chivigon"> but was: <No results were found for your search "frutas">
	at mx.tec.lab.TestHtml2ApplicationTests.givenAClient_whenSearchingNotExistingProduct_thenNoResultsDisplayed(TestHtml2ApplicationTests.java:106)
]]></failure>
    <system-out><![CDATA[2021-04-13 21:03:21.612  INFO 39707 --- [ null to remote] o.o.selenium.remote.ProtocolHandshake    : Detected dialect: W3C
]]></system-out>
    <system-err><![CDATA[Starting ChromeDriver 89.0.4389.23 (61b08ee2c50024bab004e48d2b1b083cdbdac579-refs/branch-heads/4389@{#294}) on port 41333
Only local connections are allowed.
Please see https://chromedriver.chromium.org/security-considerations for suggestions on keeping ChromeDriver safe.
ChromeDriver was started successfully.
]]></system-err>
  </testcase>
  <testcase name="givenAClient_whenEnteringLoginCredentials_thenAccountPageIsDisplayed" classname="mx.tec.lab.TestHtml2ApplicationTests" time="6.529"/>
  <testcase name="givenAClient_whenSigningOut_thenAuthenticationPageIsDisplayed" classname="mx.tec.lab.TestHtml2ApplicationTests" time="7.495"/>
  <testcase name="givenAClient_whenEnteringWrongLoginCredentials_thenAuthenticationPageIsDisplayed" classname="mx.tec.lab.TestHtml2ApplicationTests" time="5.682"/>
  <testcase name="givenAClient_whenEnteringWrongLoginCredentials_thenErrorMessageIsDisplayed" classname="mx.tec.lab.TestHtml2ApplicationTests" time="5.732"/>
</testsuite>